2024-12-12 00:00:38 DEBUG TestNG:82 - suiteXmlPath: "C:\Users\Dell\eclipse-workspace\OpenCartUIAutomation\masters.xml"
2024-12-12 00:00:47 INFO  TC_AccountRegistrationTest:13 - *********Test Execution Started*********
2024-12-12 00:00:47 INFO  TC_AccountRegistrationTest:17 - *********MyAccount Button Clicked*********
2024-12-12 00:00:48 INFO  TC_AccountRegistrationTest:19 - *********Register Button Clicked*********
2024-12-12 00:00:48 INFO  TC_AccountRegistrationTest:21 - *********Landed On Register Account Page Successfully*********
2024-12-12 00:00:48 INFO  TC_AccountRegistrationTest:31 - *********User Details Filled Successfully*********
2024-12-12 00:00:50 INFO  TC_AccountRegistrationTest:36 - *********Successful Registration Happened*********
2024-12-12 00:00:50 INFO  TC_AccountRegistrationTest:46 - *********Test Execution Completed*********
2024-12-12 00:00:53 INFO  TC_AccountLoginTest:15 - ***********Test Execution Started***********
2024-12-12 00:00:55 INFO  TC_AccountLoginTest:31 - ***********Test Execution Finished***********
2024-12-12 00:14:56 DEBUG TestNG:82 - suiteXmlPath: "C:\Users\Dell\eclipse-workspace\OpenCartUIAutomation\masters.xml"
2024-12-12 00:15:01 INFO  TC_AccountRegistrationTest:13 - *********Test Execution Started*********
2024-12-12 00:15:01 INFO  TC_AccountRegistrationTest:17 - *********MyAccount Button Clicked*********
2024-12-12 00:15:03 INFO  TC_AccountRegistrationTest:19 - *********Register Button Clicked*********
2024-12-12 00:15:03 INFO  TC_AccountRegistrationTest:21 - *********Landed On Register Account Page Successfully*********
2024-12-12 00:15:04 INFO  TC_AccountRegistrationTest:31 - *********User Details Filled Successfully*********
2024-12-12 00:15:05 INFO  TC_AccountRegistrationTest:36 - *********Successful Registration Happened*********
2024-12-12 00:15:05 INFO  TC_AccountRegistrationTest:46 - *********Test Execution Completed*********
2024-12-12 00:15:09 INFO  TC_AccountLoginTest:15 - ***********Test Execution Started***********
2024-12-12 00:15:11 INFO  TC_AccountLoginTest:31 - ***********Test Execution Finished***********
